Start testing: May 03 16:51 MSK
----------------------------------------------------------
1/1 Testing: check
1/1 Test: check
Command: "/Users/beamz/BeamzXD/workspace/projects/lab05/_build/check"
Directory: /Users/beamz/BeamzXD/workspace/projects/lab05/_build
"check" start time: May 03 16:51 MSK
Output:
----------------------------------------------------------
Running main() from /Users/beamz/BeamzXD/workspace/projects/lab05/third-party/gtest/googletest/src/gtest_main.cc
[==========] Running 4 tests from 2 test cases.
[----------] Global test environment set-up.
[----------] 2 tests from Account
[ RUN      ] Account.Mock
[       OK ] Account.Mock (0 ms)
[ RUN      ] Account.SimpleTest
[       OK ] Account.SimpleTest (1 ms)
[----------] 2 tests from Account (1 ms total)

[----------] 2 tests from Transaction
[ RUN      ] Transaction.Mock
[       OK ] Transaction.Mock (0 ms)
[ RUN      ] Transaction.SimpleTest
2 send to 1 $500
Balance 2 is 500
Balance 1 is 50
2 send to 1 $300
Balance 2 is 100
Balance 1 is 350
[       OK ] Transaction.SimpleTest (0 ms)
[----------] 2 tests from Transaction (0 ms total)

[----------] Global test environment tear-down
[==========] 4 tests from 2 test cases ran. (1 ms total)
[  PASSED  ] 4 tests.
<end of output>
Test time =   0.01 sec
----------------------------------------------------------
Test Passed.
"check" end time: May 03 16:51 MSK
"check" time elapsed: 00:00:00
----------------------------------------------------------

End testing: May 03 16:51 MSK
